# JRE version: OpenJDK Runtime Environment (8.0_152-b02) (build 1.8.0_152-release-1024-b02)
# Java VM: OpenJDK 64-Bit Server VM (25.152-b02 mixed mode windows-amd64 compressed oops)
Heap:
 PSYoungGen      total 215552K, used 136042K [0x00000000e0000000, 0x00000000f1600000, 0x0000000100000000)
  eden space 163328K, 55% used [0x00000000e0000000,0x00000000e58a7e28,0x00000000e9f80000)
  from space 52224K, 86% used [0x00000000ed700000,0x00000000f0332d08,0x00000000f0a00000)
  to   space 56832K, 0% used [0x00000000e9f80000,0x00000000e9f80000,0x00000000ed700000)
 ParOldGen       total 148992K, used 73225K [0x00000000a0000000, 0x00000000a9180000, 0x00000000e0000000)
  object space 148992K, 49% used [0x00000000a0000000,0x00000000a47824b8,0x00000000a9180000)
 Metaspace       used 87071K, capacity 92086K, committed 92160K, reserved 1128448K
  class space    used 11224K, capacity 12233K, committed 12288K, reserved 1048576K
GC Heap History (10 events):
Event: 7702.735 GC heap before
{Heap before GC invocations=31 (full 3):
 PSYoungGen      total 168448K, used 143120K [0x00000000e0000000, 0x00000000edd00000, 0x0000000100000000)
  eden space 118784K, 99% used [0x00000000e0000000,0x00000000e7330980,0x00000000e7400000)
  from space 49664K, 50% used [0x00000000e7400000,0x00000000e8c93710,0x00000000ea480000)
  to   space 47616K, 0% used [0x00000000eae80000,0x00000000eae80000,0x00000000edd00000)
 ParOldGen       total 148992K, used 51989K [0x00000000a0000000, 0x00000000a9180000, 0x00000000e0000000)
  object space 148992K, 34% used [0x00000000a0000000,0x00000000a32c5580,0x00000000a9180000)
 Metaspace       used 86739K, capacity 91798K, committed 91904K, reserved 1128448K
  class space    used 11222K, capacity 12229K, committed 12288K, reserved 1048576K
Event: 7702.764 GC heap after
Heap after GC invocations=31 (full 3):
 PSYoungGen      total 178688K, used 30366K [0x00000000e0000000, 0x00000000ee700000, 0x0000000100000000)
  eden space 131072K, 0% used [0x00000000e0000000,0x00000000e0000000,0x00000000e8000000)
  from space 47616K, 63% used [0x00000000eae80000,0x00000000ecc27a10,0x00000000edd00000)
  to   space 47616K, 0% used [0x00000000e8000000,0x00000000e8000000,0x00000000eae80000)
 ParOldGen       total 148992K, used 51989K [0x00000000a0000000, 0x00000000a9180000, 0x00000000e0000000)
  object space 148992K, 34% used [0x00000000a0000000,0x00000000a32c5580,0x00000000a9180000)
 Metaspace       used 86739K, capacity 91798K, committed 91904K, reserved 1128448K
  class space    used 11222K, capacity 12229K, committed 12288K, reserved 1048576K
}
Event: 8822.933 GC heap before
{Heap before GC invocations=32 (full 3):
 PSYoungGen      total 178688K, used 161438K [0x00000000e0000000, 0x00000000ee700000, 0x0000000100000000)
  eden space 131072K, 100% used [0x00000000e0000000,0x00000000e8000000,0x00000000e8000000)
  from space 47616K, 63% used [0x00000000eae80000,0x00000000ecc27a10,0x00000000edd00000)
  to   space 47616K, 0% used [0x00000000e8000000,0x00000000e8000000,0x00000000eae80000)
 ParOldGen       total 148992K, used 51989K [0x00000000a0000000, 0x00000000a9180000, 0x00000000e0000000)
  object space 148992K, 34% used [0x00000000a0000000,0x00000000a32c5580,0x00000000a9180000)
 Metaspace       used 86771K, capacity 91798K, committed 91904K, reserved 1128448K
  class space    used 11222K, capacity 12229K, committed 12288K, reserved 1048576K
Event: 8822.971 GC heap after
Heap after GC invocations=32 (full 3):
 PSYoungGen      total 178688K, used 22553K [0x00000000e0000000, 0x00000000eee80000, 0x0000000100000000)
  eden space 131072K, 0% used [0x00000000e0000000,0x00000000e0000000,0x00000000e8000000)
  from space 47616K, 47% used [0x00000000e8000000,0x00000000e9606420,0x00000000eae80000)
  to   space 45568K, 0% used [0x00000000ec200000,0x00000000ec200000,0x00000000eee80000)
 ParOldGen       total 148992K, used 52413K [0x00000000a0000000, 0x00000000a9180000, 0x00000000e0000000)
  object space 148992K, 35% used [0x00000000a0000000,0x00000000a332f5a0,0x00000000a9180000)
 Metaspace       used 86771K, capacity 91798K, committed 91904K, reserved 1128448K
  class space    used 11222K, capacity 12229K, committed 12288K, reserved 1048576K
}
Event: 8824.557 GC heap before
{Heap before GC invocations=33 (full 3):
 PSYoungGen      total 178688K, used 153625K [0x00000000e0000000, 0x00000000eee80000, 0x0000000100000000)
  eden space 131072K, 100% used [0x00000000e0000000,0x00000000e8000000,0x00000000e8000000)
  from space 47616K, 47% used [0x00000000e8000000,0x00000000e9606420,0x00000000eae80000)
  to   space 45568K, 0% used [0x00000000ec200000,0x00000000ec200000,0x00000000eee80000)
 ParOldGen       total 148992K, used 52413K [0x00000000a0000000, 0x00000000a9180000, 0x00000000e0000000)
  object space 148992K, 35% used [0x00000000a0000000,0x00000000a332f5a0,0x00000000a9180000)
 Metaspace       used 86870K, capacity 91868K, committed 92160K, reserved 1128448K
  class space    used 11223K, capacity 12230K, committed 12288K, reserved 1048576K
Event: 8824.647 GC heap after
Heap after GC invocations=33 (full 3):
 PSYoungGen      total 189952K, used 45561K [0x00000000e0000000, 0x00000000f0100000, 0x0000000100000000)
  eden space 144384K, 0% used [0x00000000e0000000,0x00000000e0000000,0x00000000e8d00000)
  from space 45568K, 99% used [0x00000000ec200000,0x00000000eee7e600,0x00000000eee80000)
  to   space 54272K, 0% used [0x00000000e8d00000,0x00000000e8d00000,0x00000000ec200000)
 ParOldGen       total 148992K, used 60063K [0x00000000a0000000, 0x00000000a9180000, 0x00000000e0000000)
  object space 148992K, 40% used [0x00000000a0000000,0x00000000a3aa7ff8,0x00000000a9180000)
 Metaspace       used 86870K, capacity 91868K, committed 92160K, reserved 1128448K
  class space    used 11223K, capacity 12230K, committed 12288K, reserved 1048576K
}
Event: 8873.845 GC heap before
{Heap before GC invocations=34 (full 3):
 PSYoungGen      total 189952K, used 189945K [0x00000000e0000000, 0x00000000f0100000, 0x0000000100000000)
  eden space 144384K, 100% used [0x00000000e0000000,0x00000000e8d00000,0x00000000e8d00000)
  from space 45568K, 99% used [0x00000000ec200000,0x00000000eee7e600,0x00000000eee80000)
  to   space 54272K, 0% used [0x00000000e8d00000,0x00000000e8d00000,0x00000000ec200000)
 ParOldGen       total 148992K, used 60063K [0x00000000a0000000, 0x00000000a9180000, 0x00000000e0000000)
  object space 148992K, 40% used [0x00000000a0000000,0x00000000a3aa7ff8,0x00000000a9180000)
 Metaspace       used 86918K, capacity 91954K, committed 92160K, reserved 1128448K
  class space    used 11224K, capacity 12233K, committed 12288K, reserved 1048576K
Event: 8874.037 GC heap after
Heap after GC invocations=34 (full 3):
 PSYoungGen      total 198656K, used 21553K [0x00000000e0000000, 0x00000000f0a00000, 0x0000000100000000)
  eden space 144384K, 0% used [0x00000000e0000000,0x00000000e0000000,0x00000000e8d00000)
  from space 54272K, 39% used [0x00000000e8d00000,0x00000000ea20c698,0x00000000ec200000)
  to   space 52224K, 0% used [0x00000000ed700000,0x00000000ed700000,0x00000000f0a00000)
 ParOldGen       total 148992K, used 68554K [0x00000000a0000000, 0x00000000a9180000, 0x00000000e0000000)
  object space 148992K, 46% used [0x00000000a0000000,0x00000000a42f2988,0x00000000a9180000)
 Metaspace       used 86918K, capacity 91954K, committed 92160K, reserved 1128448K
  class space    used 11224K, capacity 12233K, committed 12288K, reserved 1048576K
}
Event: 8875.592 GC heap before
{Heap before GC invocations=35 (full 3):
 PSYoungGen      total 198656K, used 164131K [0x00000000e0000000, 0x00000000f0a00000, 0x0000000100000000)
  eden space 144384K, 98% used [0x00000000e0000000,0x00000000e8b3c658,0x00000000e8d00000)
  from space 54272K, 39% used [0x00000000e8d00000,0x00000000ea20c698,0x00000000ec200000)
  to   space 52224K, 0% used [0x00000000ed700000,0x00000000ed700000,0x00000000f0a00000)
 ParOldGen       total 148992K, used 68554K [0x00000000a0000000, 0x00000000a9180000, 0x00000000e0000000)
  object space 148992K, 46% used [0x00000000a0000000,0x00000000a42f2988,0x00000000a9180000)
 Metaspace       used 87035K, capacity 92082K, committed 92160K, reserved 1128448K
  class space    used 11224K, capacity 12233K, committed 12288K, reserved 1048576K
Event: 8875.705 GC heap after
Heap after GC invocations=35 (full 3):
 PSYoungGen      total 215552K, used 45259K [0x00000000e0000000, 0x00000000f1600000, 0x0000000100000000)
  eden space 163328K, 0% used [0x00000000e0000000,0x00000000e0000000,0x00000000e9f80000)
  from space 52224K, 86% used [0x00000000ed700000,0x00000000f0332d08,0x00000000f0a00000)
  to   space 56832K, 0% used [0x00000000e9f80000,0x00000000e9f80000,0x00000000ed700000)
 ParOldGen       total 148992K, used 73225K [0x00000000a0000000, 0x00000000a9180000, 0x00000000e0000000)
  object space 148992K, 49% used [0x00000000a0000000,0x00000000a47824b8,0x00000000a9180000)
 Metaspace       used 87035K, capacity 92082K, committed 92160K, reserved 1128448K
  class space    used 11224K, capacity 12233K, committed 12288K, reserved 1048576K
}

